ARM GAS  /cygdrive/c/DOCUME~1/mkwapisz/LOCALS~1/Temp/ccWT1RHK.s 			page 1


   1              		.code	16
   2              		.file	"main.c"
   3              		.text
   4              		.align	2
   5              		.global	appTick
   6              		.code 16
   7              		.thumb_func
   8              		.type	appTick, %function
   9              	appTick:
  10 0000 024A     		ldr	r2, .L3
  11 0002 1368     		ldr	r3, [r2]
  12 0004 1B18     		add	r3, r3, r0
  13              		@ lr needed for prologue
  14 0006 1360     		str	r3, [r2]
  15              		@ sp needed for prologue
  16 0008 7047     		bx	lr
  17              	.L4:
  18 000a 0000     		.align	2
  19              	.L3:
  20 000c 00000000 		.word	msClock
  21              		.size	appTick, .-appTick
  22              		.section	.rodata.str1.4,"aMS",%progbits,1
  23 0001 000000   		.align	2
  24              	.LC1:
  25 0004 2D2D2D00 		.ascii	"---\000"
  26              		.subsection	-1
  27              		.align	2
  28              	.LC13:
  29 0000 00       		.ascii	"\000"
  30              		.text
  31              		.align	2
  32              		.global	InitializeSharedData
  33              		.code 16
  34              		.thumb_func
  35              		.type	InitializeSharedData, %function
  36              	InitializeSharedData:
  37 0010 114B     		ldr	r3, .L7
  38 0012 124A     		ldr	r2, .L7+4
  39 0014 1A60     		str	r2, [r3]
  40 0016 5A60     		str	r2, [r3, #4]
  41 0018 0022     		mov	r2, #0
  42 001a 9A60     		str	r2, [r3, #8]
  43 001c DA60     		str	r2, [r3, #12]
  44 001e 1A74     		strb	r2, [r3, #16]
  45 0020 5A74     		strb	r2, [r3, #17]
  46 0022 0F4B     		ldr	r3, .L7+8
  47 0024 1A70     		strb	r2, [r3]
  48 0026 0F4B     		ldr	r3, .L7+12
  49 0028 1A70     		strb	r2, [r3]
  50 002a 0F4B     		ldr	r3, .L7+16
  51 002c 1A70     		strb	r2, [r3]
  52 002e 0F4B     		ldr	r3, .L7+20
  53 0030 1A70     		strb	r2, [r3]
  54 0032 0F4B     		ldr	r3, .L7+24
  55 0034 1A70     		strb	r2, [r3]
  56 0036 0F4B     		ldr	r3, .L7+28
  57 0038 1A70     		strb	r2, [r3]
ARM GAS  /cygdrive/c/DOCUME~1/mkwapisz/LOCALS~1/Temp/ccWT1RHK.s 			page 2


  58 003a 0F4B     		ldr	r3, .L7+32
  59 003c 1A70     		strb	r2, [r3]
  60 003e 0F4B     		ldr	r3, .L7+36
  61 0040 0F49     		ldr	r1, .L7+40
  62 0042 1A60     		str	r2, [r3]
  63 0044 0F4B     		ldr	r3, .L7+44
  64 0046 0B60     		str	r3, [r1]
  65 0048 0F49     		ldr	r1, .L7+48
  66 004a 0923     		mov	r3, #9
  67 004c 0B70     		strb	r3, [r1]
  68 004e 0F4B     		ldr	r3, .L7+52
  69 0050 1A70     		strb	r2, [r3]
  70 0052 0F4B     		ldr	r3, .L7+56
  71              		@ lr needed for prologue
  72 0054 1A70     		strb	r2, [r3]
  73              		@ sp needed for prologue
  74 0056 7047     		bx	lr
  75              	.L8:
  76              		.align	2
  77              	.L7:
  78 0058 00000000 		.word	currentSongInfo
  79 005c 04000000 		.word	.LC1
  80 0060 00000000 		.word	mmcInitialized
  81 0064 00000000 		.word	changeLeft
  82 0068 00000000 		.word	changeRight
  83 006c 00000000 		.word	rewindForward
  84 0070 00000000 		.word	rewindBackward
  85 0074 00000000 		.word	volumeUp
  86 0078 00000000 		.word	volumeDown
  87 007c 00000000 		.word	isError
  88 0080 00000000 		.word	error
  89 0084 00000000 		.word	.LC13
  90 0088 00000000 		.word	currentVolume
  91 008c 00000000 		.word	displayMode
  92 0090 00000000 		.word	displayChanged
  93              		.size	InitializeSharedData, .-InitializeSharedData
  94              		.align	2
  95              		.global	main
  96              		.code 16
  97              		.thumb_func
  98              		.type	main, %function
  99              	main:
 100 0094 30B5     		push	{r4, r5, lr}
 101 0096 124A     		ldr	r2, .L11
 102 0098 1368     		ldr	r3, [r2]
 103 009a 8021     		mov	r1, #128
 104 009c 0B43     		orr	r3, r3, r1
 105 009e 1360     		str	r3, [r2]
 106 00a0 104B     		ldr	r3, .L11+4
 107 00a2 84B0     		sub	sp, sp, #16
 108 00a4 1960     		str	r1, [r3]
 109 00a6 FFF7FEFF 		bl	osInit
 110 00aa 6D46     		mov	r5, sp
 111 00ac 0123     		mov	r3, #1
 112 00ae 0E35     		add	r5, r5, #14
 113 00b0 0093     		str	r3, [sp]
 114 00b2 6C46     		mov	r4, sp
ARM GAS  /cygdrive/c/DOCUME~1/mkwapisz/LOCALS~1/Temp/ccWT1RHK.s 			page 3


 115 00b4 0023     		mov	r3, #0
 116 00b6 C822     		mov	r2, #200
 117 00b8 5200     		lsl	r2, r2, #1
 118 00ba 0193     		str	r3, [sp, #4]
 119 00bc 0F34     		add	r4, r4, #15
 120 00be 2B1C     		mov	r3, r5
 121 00c0 0948     		ldr	r0, .L11+8
 122 00c2 0A49     		ldr	r1, .L11+12
 123 00c4 0294     		str	r4, [sp, #8]
 124 00c6 FFF7FEFF 		bl	osCreateProcess
 125 00ca 2878     		ldrb	r0, [r5]
 126 00cc 211C     		mov	r1, r4
 127 00ce FFF7FEFF 		bl	osStartProcess
 128 00d2 FFF7FEFF 		bl	osStart
 129 00d6 0020     		mov	r0, #0
 130 00d8 04B0     		add	sp, sp, #16
 131              		@ sp needed for prologue
 132 00da 30BC     		pop	{r4, r5}
 133 00dc 02BC     		pop	{r1}
 134 00de 0847     		bx	r1
 135              	.L12:
 136              		.align	2
 137              	.L11:
 138 00e0 088002E0 		.word	-536707064
 139 00e4 048002E0 		.word	-536707068
 140 00e8 00000000 		.word	initProc
 141 00ec 04100000 		.word	initStack
 142              		.size	main, .-main
 143              		.align	2
 144              		.code 16
 145              		.thumb_func
 146              		.type	initProc, %function
 147              	initProc:
 148 00f0 30B5     		push	{r4, r5, lr}
 149 00f2 84B0     		sub	sp, sp, #16
 150 00f4 FFF7FEFF 		bl	eaInit
 151 00f8 0C4D     		ldr	r5, .L15
 152 00fa 0323     		mov	r3, #3
 153 00fc 0093     		str	r3, [sp]
 154 00fe 6C46     		mov	r4, sp
 155 0100 0023     		mov	r3, #0
 156 0102 8022     		mov	r2, #128
 157 0104 1201     		lsl	r2, r2, #4
 158 0106 0193     		str	r3, [sp, #4]
 159 0108 0F34     		add	r4, r4, #15
 160 010a 2B1C     		mov	r3, r5
 161 010c 0848     		ldr	r0, .L15+4
 162 010e 0949     		ldr	r1, .L15+8
 163 0110 0294     		str	r4, [sp, #8]
 164 0112 FFF7FEFF 		bl	osCreateProcess
 165 0116 2878     		ldrb	r0, [r5]
 166 0118 211C     		mov	r1, r4
 167 011a FFF7FEFF 		bl	osStartProcess
 168 011e FFF7FEFF 		bl	osDeleteProcess
 169 0122 04B0     		add	sp, sp, #16
 170              		@ sp needed for prologue
 171 0124 30BC     		pop	{r4, r5}
ARM GAS  /cygdrive/c/DOCUME~1/mkwapisz/LOCALS~1/Temp/ccWT1RHK.s 			page 4


 172 0126 01BC     		pop	{r0}
 173 0128 0047     		bx	r0
 174              	.L16:
 175 012a 0000     		.align	2
 176              	.L15:
 177 012c 94110000 		.word	pid1
 178 0130 00000000 		.word	proc1
 179 0134 04000000 		.word	proc1Stack
 180              		.size	initProc, .-initProc
 181              		.section	.rodata.str1.4
 182              		.align	2
 183              	.LC23:
 184 0008 0A0A0A0A 		.ascii	"\012\012\012\012\012*******************************"
 184      0A2A2A2A 
 184      2A2A2A2A 
 184      2A2A2A2A 
 184      2A2A2A2A 
 185 002c 2A2A2A2A 		.ascii	"************************\012\000"
 185      2A2A2A2A 
 185      2A2A2A2A 
 185      2A2A2A2A 
 185      2A2A2A2A 
 186 0046 0000     		.align	2
 187              	.LC25:
 188 0048 2A202020 		.ascii	"*                                                  "
 188      20202020 
 188      20202020 
 188      20202020 
 188      20202020 
 189 007b 2020202A 		.ascii	"   *\012\000"
 189      0A00
 190 0081 000000   		.align	2
 191              	.LC27:
 192 0084 2A205468 		.ascii	"* This is the test program for Embedded Artists'   "
 192      69732069 
 192      73207468 
 192      65207465 
 192      73742070 
 193 00b7 2020202A 		.ascii	"   *\012\000"
 193      0A00
 194 00bd 000000   		.align	2
 195              	.LC29:
 196 00c0 2A204C50 		.ascii	"* LPC2148 Education Board v3.0...                  "
 196      43323134 
 196      38204564 
 196      75636174 
 196      696F6E20 
 197 00f3 2020202A 		.ascii	"   *\012\000"
 197      0A00
 198 00f9 000000   		.align	2
 199              	.LC31:
 200 00fc 2A205665 		.ascii	"* Version: 3.0                                     "
 200      7273696F 
 200      6E3A2033 
 200      2E302020 
 200      20202020 
 201 012f 2020202A 		.ascii	"   *\012\000"
ARM GAS  /cygdrive/c/DOCUME~1/mkwapisz/LOCALS~1/Temp/ccWT1RHK.s 			page 5


 201      0A00
 202 0135 000000   		.align	2
 203              	.LC33:
 204 0138 2A204461 		.ascii	"* Date:    22 December 2007                        "
 204      74653A20 
 204      20202032 
 204      32204465 
 204      63656D62 
 205 016b 2020202A 		.ascii	"   *\012\000"
 205      0A00
 206 0171 000000   		.align	2
 207              	.LC35:
 208 0174 2A202843 		.ascii	"* (C) Embedded Artists 2005-2007                   "
 208      2920456D 
 208      62656464 
 208      65642041 
 208      72746973 
 209 01a7 2020202A 		.ascii	"   *\012\000"
 209      0A00
 210 01ad 000000   		.align	2
 211              	.LC37:
 212 01b0 2A2A2A2A 		.ascii	"***************************************************"
 212      2A2A2A2A 
 212      2A2A2A2A 
 212      2A2A2A2A 
 212      2A2A2A2A 
 213 01e3 2A2A2A2A 		.ascii	"****\012\000"
 213      0A00
 214 01e9 000000   		.text
 215              		.align	2
 216              		.code 16
 217              		.thumb_func
 218              		.type	proc1, %function
 219              	proc1:
 220 0138 70B5     		push	{r4, r5, r6, lr}
 221 013a 3F4D     		ldr	r5, .L32
 222 013c E022     		mov	r2, #224
 223 013e 2B68     		ldr	r3, [r5]
 224 0140 9200     		lsl	r2, r2, #2
 225 0142 1343     		orr	r3, r3, r2
 226 0144 2B60     		str	r3, [r5]
 227 0146 3D4B     		ldr	r3, .L32+4
 228 0148 3D49     		ldr	r1, .L32+8
 229 014a 1A60     		str	r2, [r3]
 230 014c 3D4A     		ldr	r2, .L32+12
 231 014e 0B68     		ldr	r3, [r1]
 232 0150 1340     		and	r3, r3, r2
 233 0152 0B60     		str	r3, [r1]
 234 0154 8023     		mov	r3, #128
 235 0156 0A68     		ldr	r2, [r1]
 236 0158 1B03     		lsl	r3, r3, #12
 237 015a 1A43     		orr	r2, r2, r3
 238 015c 0A60     		str	r2, [r1]
 239 015e 84B0     		sub	sp, sp, #16
 240 0160 3948     		ldr	r0, .L32+16
 241 0162 FFF7FEFF 		bl	simplePrintf
 242 0166 394C     		ldr	r4, .L32+20
ARM GAS  /cygdrive/c/DOCUME~1/mkwapisz/LOCALS~1/Temp/ccWT1RHK.s 			page 6


 243 0168 201C     		mov	r0, r4
 244 016a FFF7FEFF 		bl	simplePrintf
 245 016e 3848     		ldr	r0, .L32+24
 246 0170 FFF7FEFF 		bl	simplePrintf
 247 0174 3748     		ldr	r0, .L32+28
 248 0176 FFF7FEFF 		bl	simplePrintf
 249 017a 201C     		mov	r0, r4
 250 017c FFF7FEFF 		bl	simplePrintf
 251 0180 3548     		ldr	r0, .L32+32
 252 0182 FFF7FEFF 		bl	simplePrintf
 253 0186 3548     		ldr	r0, .L32+36
 254 0188 FFF7FEFF 		bl	simplePrintf
 255 018c 3448     		ldr	r0, .L32+40
 256 018e FFF7FEFF 		bl	simplePrintf
 257 0192 201C     		mov	r0, r4
 258 0194 FFF7FEFF 		bl	simplePrintf
 259 0198 3248     		ldr	r0, .L32+44
 260 019a FFF7FEFF 		bl	simplePrintf
 261 019e 3249     		ldr	r1, .L32+48
 262 01a0 324A     		ldr	r2, .L32+52
 263 01a2 0B68     		ldr	r3, [r1]
 264 01a4 1340     		and	r3, r3, r2
 265 01a6 0B60     		str	r3, [r1]
 266 01a8 314B     		ldr	r3, .L32+56
 267 01aa 1B78     		ldrb	r3, [r3]
 268 01ac 012B     		cmp	r3, #1
 269 01ae 02D1     		bne	.L18
 270 01b0 2A68     		ldr	r2, [r5]
 271 01b2 F523     		mov	r3, #245
 272 01b4 01E0     		b	.L31
 273              	.L18:
 274 01b6 2A68     		ldr	r2, [r5]
 275 01b8 FF23     		mov	r3, #255
 276              	.L31:
 277 01ba 1B02     		lsl	r3, r3, #8
 278 01bc 1A43     		orr	r2, r2, r3
 279 01be 2A60     		str	r2, [r5]
 280 01c0 FF23     		mov	r3, #255
 281 01c2 2C4A     		ldr	r2, .L32+60
 282 01c4 1B02     		lsl	r3, r3, #8
 283 01c6 0026     		mov	r6, #0
 284 01c8 1360     		str	r3, [r2]
 285 01ca 31E0     		b	.L21
 286              	.L22:
 287 01cc 1B4B     		ldr	r3, .L32+4
 288 01ce 0F20     		mov	r0, #15
 289 01d0 1C60     		str	r4, [r3]
 290 01d2 FFF7FEFF 		bl	osSleep
 291 01d6 274B     		ldr	r3, .L32+60
 292 01d8 0135     		add	r5, r5, #1
 293 01da 1C60     		str	r4, [r3]
 294 01dc 6400     		lsl	r4, r4, #1
 295 01de 082D     		cmp	r5, #8
 296 01e0 F4D1     		bne	.L22
 297 01e2 731C     		add	r3, r6, #1
 298 01e4 1B06     		lsl	r3, r3, #24
 299 01e6 1E0E     		lsr	r6, r3, #24
ARM GAS  /cygdrive/c/DOCUME~1/mkwapisz/LOCALS~1/Temp/ccWT1RHK.s 			page 7


 300 01e8 032E     		cmp	r6, #3
 301 01ea 21D1     		bne	.L21
 302 01ec FFF7FEFF 		bl	testI2C
 303 01f0 FFF7FEFF 		bl	InitializeSharedData
 304 01f4 204D     		ldr	r5, .L32+64
 305 01f6 0023     		mov	r3, #0
 306 01f8 6C46     		mov	r4, sp
 307 01fa 8022     		mov	r2, #128
 308 01fc 1201     		lsl	r2, r2, #4
 309 01fe 1F48     		ldr	r0, .L32+68
 310 0200 1F49     		ldr	r1, .L32+72
 311 0202 0193     		str	r3, [sp, #4]
 312 0204 0F34     		add	r4, r4, #15
 313 0206 2B1C     		mov	r3, r5
 314 0208 0096     		str	r6, [sp]
 315 020a 0294     		str	r4, [sp, #8]
 316 020c FFF7FEFF 		bl	osCreateProcess
 317 0210 211C     		mov	r1, r4
 318 0212 2878     		ldrb	r0, [r5]
 319 0214 FFF7FEFF 		bl	osStartProcess
 320 0218 6420     		mov	r0, #100
 321 021a FFF7FEFF 		bl	osSleep
 322 021e 1949     		ldr	r1, .L32+76
 323 0220 194A     		ldr	r2, .L32+80
 324 0222 0B68     		ldr	r3, [r1]
 325 0224 1340     		and	r3, r3, r2
 326 0226 0B60     		str	r3, [r1]
 327              	.L25:
 328 0228 0220     		mov	r0, #2
 329 022a FFF7FEFF 		bl	osSleep
 330 022e FBE7     		b	.L25
 331              	.L21:
 332 0230 8024     		mov	r4, #128
 333 0232 6400     		lsl	r4, r4, #1
 334 0234 0025     		mov	r5, #0
 335 0236 C9E7     		b	.L22
 336              	.L33:
 337              		.align	2
 338              	.L32:
 339 0238 088002E0 		.word	-536707064
 340 023c 0C8002E0 		.word	-536707060
 341 0240 04C002E0 		.word	-536690684
 342 0244 FFFFF3FF 		.word	-786433
 343 0248 08000000 		.word	.LC23
 344 024c 48000000 		.word	.LC25
 345 0250 84000000 		.word	.LC27
 346 0254 C0000000 		.word	.LC29
 347 0258 FC000000 		.word	.LC31
 348 025c 38010000 		.word	.LC33
 349 0260 74010000 		.word	.LC35
 350 0264 B0010000 		.word	.LC37
 351 0268 00C002E0 		.word	-536690688
 352 026c FFFF0000 		.word	65535
 353 0270 00000000 		.word	xbeePresent
 354 0274 048002E0 		.word	-536707068
 355 0278 95110000 		.word	pid2
 356 027c 00000000 		.word	proc2
ARM GAS  /cygdrive/c/DOCUME~1/mkwapisz/LOCALS~1/Temp/ccWT1RHK.s 			page 8


 357 0280 04080000 		.word	proc2Stack
 358 0284 008002E0 		.word	-536707072
 359 0288 FFFFE0FF 		.word	-2031617
 360              		.size	proc1, .-proc1
 361              		.align	2
 362              		.code 16
 363              		.thumb_func
 364              		.type	proc2, %function
 365              	proc2:
 366 028c 00B5     		push	{lr}
 367 028e FFF7FEFF 		bl	MMCproc
 368              		@ sp needed for prologue
 369 0292 01BC     		pop	{r0}
 370 0294 0047     		bx	r0
 371              		.size	proc2, .-proc2
 372              		.global	msClock
 373 0296 C046     		.bss
 374              		.align	2
 375              		.type	msClock, %object
 376              		.size	msClock, 4
 377              	msClock:
 378 0000 00000000 		.space	4
 379              	proc1Stack:
 380 0004 00000000 		.space	2048
 380      00000000 
 380      00000000 
 380      00000000 
 380      00000000 
 381              	proc2Stack:
 382 0804 00000000 		.space	2048
 382      00000000 
 382      00000000 
 382      00000000 
 382      00000000 
 383              	initStack:
 384 1004 00000000 		.space	400
 384      00000000 
 384      00000000 
 384      00000000 
 384      00000000 
 385              	pid1:
 386 1194 00       		.space	1
 387              	pid2:
 388 1195 00       		.space	1
 389              		.comm	currentSongInfo,20,4
 390              		.comm	mmcInitialized,1,1
 391              		.comm	changeLeft,1,1
 392              		.comm	changeRight,1,1
 393              		.comm	rewindForward,1,1
 394              		.comm	rewindBackward,1,1
 395              		.comm	volumeUp,1,1
 396              		.comm	volumeDown,1,1
 397              		.comm	isError,4,4
 398              		.comm	error,4,4
 399              		.comm	currentVolume,1,1
 400              		.comm	displayMode,1,1
 401              		.comm	displayChanged,1,1
ARM GAS  /cygdrive/c/DOCUME~1/mkwapisz/LOCALS~1/Temp/ccWT1RHK.s 			page 9


 402              		.comm	files,3328,1
 403              		.comm	xbeePresent,1,1
 404              		.comm	fileName,4,4
 405 1196 0000     		.ident	"GCC: (GNU) 4.1.1"
ARM GAS  /cygdrive/c/DOCUME~1/mkwapisz/LOCALS~1/Temp/ccWT1RHK.s 			page 10


DEFINED SYMBOLS
                            *ABS*:00000000 main.c
/cygdrive/c/DOCUME~1/mkwapisz/LOCALS~1/Temp/ccWT1RHK.s:1      .text:00000000 $t
/cygdrive/c/DOCUME~1/mkwapisz/LOCALS~1/Temp/ccWT1RHK.s:9      .text:00000000 appTick
/cygdrive/c/DOCUME~1/mkwapisz/LOCALS~1/Temp/ccWT1RHK.s:20     .text:0000000c $d
/cygdrive/c/DOCUME~1/mkwapisz/LOCALS~1/Temp/ccWT1RHK.s:377    .bss:00000000 msClock
/cygdrive/c/DOCUME~1/mkwapisz/LOCALS~1/Temp/ccWT1RHK.s:36     .text:00000010 InitializeSharedData
/cygdrive/c/DOCUME~1/mkwapisz/LOCALS~1/Temp/ccWT1RHK.s:33     .text:00000010 $t
/cygdrive/c/DOCUME~1/mkwapisz/LOCALS~1/Temp/ccWT1RHK.s:78     .text:00000058 $d
                            *COM*:00000014 currentSongInfo
                            *COM*:00000001 mmcInitialized
                            *COM*:00000001 changeLeft
                            *COM*:00000001 changeRight
                            *COM*:00000001 rewindForward
                            *COM*:00000001 rewindBackward
                            *COM*:00000001 volumeUp
                            *COM*:00000001 volumeDown
                            *COM*:00000004 isError
                            *COM*:00000004 error
                            *COM*:00000001 currentVolume
                            *COM*:00000001 displayMode
                            *COM*:00000001 displayChanged
/cygdrive/c/DOCUME~1/mkwapisz/LOCALS~1/Temp/ccWT1RHK.s:99     .text:00000094 main
/cygdrive/c/DOCUME~1/mkwapisz/LOCALS~1/Temp/ccWT1RHK.s:96     .text:00000094 $t
/cygdrive/c/DOCUME~1/mkwapisz/LOCALS~1/Temp/ccWT1RHK.s:138    .text:000000e0 $d
/cygdrive/c/DOCUME~1/mkwapisz/LOCALS~1/Temp/ccWT1RHK.s:147    .text:000000f0 initProc
/cygdrive/c/DOCUME~1/mkwapisz/LOCALS~1/Temp/ccWT1RHK.s:383    .bss:00001004 initStack
/cygdrive/c/DOCUME~1/mkwapisz/LOCALS~1/Temp/ccWT1RHK.s:144    .text:000000f0 $t
/cygdrive/c/DOCUME~1/mkwapisz/LOCALS~1/Temp/ccWT1RHK.s:177    .text:0000012c $d
/cygdrive/c/DOCUME~1/mkwapisz/LOCALS~1/Temp/ccWT1RHK.s:385    .bss:00001194 pid1
/cygdrive/c/DOCUME~1/mkwapisz/LOCALS~1/Temp/ccWT1RHK.s:219    .text:00000138 proc1
/cygdrive/c/DOCUME~1/mkwapisz/LOCALS~1/Temp/ccWT1RHK.s:379    .bss:00000004 proc1Stack
/cygdrive/c/DOCUME~1/mkwapisz/LOCALS~1/Temp/ccWT1RHK.s:216    .text:00000138 $t
/cygdrive/c/DOCUME~1/mkwapisz/LOCALS~1/Temp/ccWT1RHK.s:339    .text:00000238 $d
                            *COM*:00000001 xbeePresent
/cygdrive/c/DOCUME~1/mkwapisz/LOCALS~1/Temp/ccWT1RHK.s:387    .bss:00001195 pid2
/cygdrive/c/DOCUME~1/mkwapisz/LOCALS~1/Temp/ccWT1RHK.s:365    .text:0000028c proc2
/cygdrive/c/DOCUME~1/mkwapisz/LOCALS~1/Temp/ccWT1RHK.s:381    .bss:00000804 proc2Stack
/cygdrive/c/DOCUME~1/mkwapisz/LOCALS~1/Temp/ccWT1RHK.s:362    .text:0000028c $t
                             .bss:00000000 $d
                            *COM*:00000d00 files
                            *COM*:00000004 fileName

UNDEFINED SYMBOLS
osInit
osCreateProcess
osStartProcess
osStart
eaInit
osDeleteProcess
simplePrintf
osSleep
testI2C
MMCproc
