ARM GAS  /cygdrive/c/DOCUME~1/mkwapisz/LOCALS~1/Temp/ccPgnxwr.s 			page 1


   1              		.code	16
   2              		.file	"myTimer.c"
   3              		.text
   4              		.align	2
   5              		.global	setupPLL
   6              		.code 16
   7              		.thumb_func
   8              		.type	setupPLL, %function
   9              	setupPLL:
  10 0000 034B     		ldr	r3, .L3
  11 0002 0122     		mov	r2, #1
  12 0004 1A60     		str	r2, [r3]
  13 0006 2422     		mov	r2, #36
  14 0008 0433     		add	r3, r3, #4
  15              		@ lr needed for prologue
  16 000a 1A60     		str	r2, [r3]
  17              		@ sp needed for prologue
  18 000c 7047     		bx	lr
  19              	.L4:
  20 000e 0000     		.align	2
  21              	.L3:
  22 0010 80C01FE0 		.word	-534790016
  23              		.size	setupPLL, .-setupPLL
  24              		.align	2
  25              		.global	connectPLL
  26              		.code 16
  27              		.thumb_func
  28              		.type	connectPLL, %function
  29              	connectPLL:
  30              		@ lr needed for prologue
  31              	.L7:
  32 0014 044B     		ldr	r3, .L12
  33 0016 1A68     		ldr	r2, [r3]
  34 0018 A023     		mov	r3, #160
  35 001a DB00     		lsl	r3, r3, #3
  36 001c 1A42     		tst	r2, r3
  37 001e F9D0     		beq	.L7
  38 0020 024B     		ldr	r3, .L12+4
  39 0022 0322     		mov	r2, #3
  40 0024 1A60     		str	r2, [r3]
  41              		@ sp needed for prologue
  42 0026 7047     		bx	lr
  43              	.L13:
  44              		.align	2
  45              	.L12:
  46 0028 88C01FE0 		.word	-534790008
  47 002c 80C01FE0 		.word	-534790016
  48              		.size	connectPLL, .-connectPLL
  49              		.align	2
  50              		.global	feedSeq
  51              		.code 16
  52              		.thumb_func
  53              		.type	feedSeq, %function
  54              	feedSeq:
  55 0030 024B     		ldr	r3, .L16
  56 0032 AA22     		mov	r2, #170
  57 0034 1A60     		str	r2, [r3]
ARM GAS  /cygdrive/c/DOCUME~1/mkwapisz/LOCALS~1/Temp/ccPgnxwr.s 			page 2


  58 0036 5522     		mov	r2, #85
  59              		@ lr needed for prologue
  60 0038 1A60     		str	r2, [r3]
  61              		@ sp needed for prologue
  62 003a 7047     		bx	lr
  63              	.L17:
  64              		.align	2
  65              	.L16:
  66 003c 8CC01FE0 		.word	-534790004
  67              		.size	feedSeq, .-feedSeq
  68              		.align	2
  69              		.global	initClocks
  70              		.code 16
  71              		.thumb_func
  72              		.type	initClocks, %function
  73              	initClocks:
  74 0040 0C4B     		ldr	r3, .L24
  75 0042 0122     		mov	r2, #1
  76 0044 1A60     		str	r2, [r3]
  77 0046 2422     		mov	r2, #36
  78 0048 0433     		add	r3, r3, #4
  79 004a 1A60     		str	r2, [r3]
  80 004c 0A4A     		ldr	r2, .L24+4
  81 004e AA23     		mov	r3, #170
  82 0050 1360     		str	r3, [r2]
  83 0052 5523     		mov	r3, #85
  84 0054 1360     		str	r3, [r2]
  85              		@ lr needed for prologue
  86              	.L19:
  87 0056 094B     		ldr	r3, .L24+8
  88 0058 1A68     		ldr	r2, [r3]
  89 005a A023     		mov	r3, #160
  90 005c DB00     		lsl	r3, r3, #3
  91 005e 1A42     		tst	r2, r3
  92 0060 F9D0     		beq	.L19
  93 0062 044B     		ldr	r3, .L24
  94 0064 0322     		mov	r2, #3
  95 0066 1A60     		str	r2, [r3]
  96 0068 034A     		ldr	r2, .L24+4
  97 006a AA23     		mov	r3, #170
  98 006c 1360     		str	r3, [r2]
  99 006e 5523     		mov	r3, #85
 100 0070 1360     		str	r3, [r2]
 101              		@ sp needed for prologue
 102 0072 7047     		bx	lr
 103              	.L25:
 104              		.align	2
 105              	.L24:
 106 0074 80C01FE0 		.word	-534790016
 107 0078 8CC01FE0 		.word	-534790004
 108 007c 88C01FE0 		.word	-534790008
 109              		.size	initClocks, .-initClocks
 110              		.align	2
 111              		.global	initTimer1
 112              		.code 16
 113              		.thumb_func
 114              		.type	initTimer1, %function
ARM GAS  /cygdrive/c/DOCUME~1/mkwapisz/LOCALS~1/Temp/ccPgnxwr.s 			page 3


 115              	initTimer1:
 116 0080 0C4B     		ldr	r3, .L28
 117 0082 0022     		mov	r2, #0
 118 0084 1A60     		str	r2, [r3]
 119 0086 0C4A     		ldr	r2, .L28+4
 120 0088 A423     		mov	r3, #164
 121 008a 1B01     		lsl	r3, r3, #4
 122 008c 1360     		str	r3, [r2]
 123 008e 0B4B     		ldr	r3, .L28+8
 124 0090 0122     		mov	r2, #1
 125 0092 1A60     		str	r2, [r3]
 126 0094 0322     		mov	r2, #3
 127 0096 043B     		sub	r3, r3, #4
 128 0098 1A60     		str	r2, [r3]
 129 009a 094A     		ldr	r2, .L28+12
 130 009c 094B     		ldr	r3, .L28+16
 131 009e 1A60     		str	r2, [r3]
 132 00a0 094B     		ldr	r3, .L28+20
 133 00a2 2522     		mov	r2, #37
 134 00a4 1A60     		str	r2, [r3]
 135 00a6 094B     		ldr	r3, .L28+24
 136 00a8 2022     		mov	r2, #32
 137 00aa 1A60     		str	r2, [r3]
 138 00ac 084B     		ldr	r3, .L28+28
 139 00ae 0222     		mov	r2, #2
 140              		@ lr needed for prologue
 141 00b0 1A60     		str	r2, [r3]
 142              		@ sp needed for prologue
 143 00b2 7047     		bx	lr
 144              	.L29:
 145              		.align	2
 146              	.L28:
 147 00b4 708000E0 		.word	-536838032
 148 00b8 0C8000E0 		.word	-536838132
 149 00bc 188000E0 		.word	-536838120
 150 00c0 00000000 		.word	T1ISR
 151 00c4 14F1FFFF 		.word	-3820
 152 00c8 14F2FFFF 		.word	-3564
 153 00cc 10F0FFFF 		.word	-4080
 154 00d0 048000E0 		.word	-536838140
 155              		.size	initTimer1, .-initTimer1
 156              		.align	2
 157              		.global	myTimerExec
 158              		.code 16
 159              		.thumb_func
 160              		.type	myTimerExec, %function
 161              	myTimerExec:
 162 00d4 00B5     		push	{lr}
 163 00d6 FFF7FEFF 		bl	initClocks
 164 00da FFF7FEFF 		bl	initTimer1
 165 00de 024B     		ldr	r3, .L32
 166 00e0 0122     		mov	r2, #1
 167 00e2 1A60     		str	r2, [r3]
 168              		@ sp needed for prologue
 169 00e4 01BC     		pop	{r0}
 170 00e6 0047     		bx	r0
 171              	.L33:
ARM GAS  /cygdrive/c/DOCUME~1/mkwapisz/LOCALS~1/Temp/ccPgnxwr.s 			page 4


 172              		.align	2
 173              	.L32:
 174 00e8 048000E0 		.word	-536838140
 175              		.size	myTimerExec, .-myTimerExec
 176              		.align	2
 177              		.global	StopInterrupts
 178              		.code 16
 179              		.thumb_func
 180              		.type	StopInterrupts, %function
 181              	StopInterrupts:
 182 00ec 024A     		ldr	r2, .L36
 183 00ee 0023     		mov	r3, #0
 184 00f0 1360     		str	r3, [r2]
 185 00f2 024A     		ldr	r2, .L36+4
 186              		@ lr needed for prologue
 187 00f4 1360     		str	r3, [r2]
 188              		@ sp needed for prologue
 189 00f6 7047     		bx	lr
 190              	.L37:
 191              		.align	2
 192              	.L36:
 193 00f8 14F1FFFF 		.word	-3820
 194 00fc 14F2FFFF 		.word	-3564
 195              		.size	StopInterrupts, .-StopInterrupts
 196              		.align	2
 197              		.global	T1ISR
 198              		.code 16
 199              		.thumb_func
 200              		.type	T1ISR, %function
 201              	T1ISR:
 202 0100 30B5     		push	{r4, r5, lr}
 203 0102 054C     		ldr	r4, .L40
 204 0104 2568     		ldr	r5, [r4]
 205 0106 FFF7FEFF 		bl	ISR
 206 010a 044B     		ldr	r3, .L40+4
 207 010c 0022     		mov	r2, #0
 208 010e 2560     		str	r5, [r4]
 209              		@ sp needed for prologue
 210 0110 1A60     		str	r2, [r3]
 211 0112 30BC     		pop	{r4, r5}
 212 0114 01BC     		pop	{r0}
 213 0116 0047     		bx	r0
 214              	.L41:
 215              		.align	2
 216              	.L40:
 217 0118 008000E0 		.word	-536838144
 218 011c 30F0FFFF 		.word	-4048
 219              		.size	T1ISR, .-T1ISR
 220              		.comm	currentSongInfo,20,4
 221              		.ident	"GCC: (GNU) 4.1.1"
ARM GAS  /cygdrive/c/DOCUME~1/mkwapisz/LOCALS~1/Temp/ccPgnxwr.s 			page 5


DEFINED SYMBOLS
                            *ABS*:00000000 myTimer.c
/cygdrive/c/DOCUME~1/mkwapisz/LOCALS~1/Temp/ccPgnxwr.s:1      .text:00000000 $t
/cygdrive/c/DOCUME~1/mkwapisz/LOCALS~1/Temp/ccPgnxwr.s:9      .text:00000000 setupPLL
/cygdrive/c/DOCUME~1/mkwapisz/LOCALS~1/Temp/ccPgnxwr.s:22     .text:00000010 $d
/cygdrive/c/DOCUME~1/mkwapisz/LOCALS~1/Temp/ccPgnxwr.s:29     .text:00000014 connectPLL
/cygdrive/c/DOCUME~1/mkwapisz/LOCALS~1/Temp/ccPgnxwr.s:26     .text:00000014 $t
/cygdrive/c/DOCUME~1/mkwapisz/LOCALS~1/Temp/ccPgnxwr.s:46     .text:00000028 $d
/cygdrive/c/DOCUME~1/mkwapisz/LOCALS~1/Temp/ccPgnxwr.s:54     .text:00000030 feedSeq
/cygdrive/c/DOCUME~1/mkwapisz/LOCALS~1/Temp/ccPgnxwr.s:51     .text:00000030 $t
/cygdrive/c/DOCUME~1/mkwapisz/LOCALS~1/Temp/ccPgnxwr.s:66     .text:0000003c $d
/cygdrive/c/DOCUME~1/mkwapisz/LOCALS~1/Temp/ccPgnxwr.s:73     .text:00000040 initClocks
/cygdrive/c/DOCUME~1/mkwapisz/LOCALS~1/Temp/ccPgnxwr.s:70     .text:00000040 $t
/cygdrive/c/DOCUME~1/mkwapisz/LOCALS~1/Temp/ccPgnxwr.s:106    .text:00000074 $d
/cygdrive/c/DOCUME~1/mkwapisz/LOCALS~1/Temp/ccPgnxwr.s:115    .text:00000080 initTimer1
/cygdrive/c/DOCUME~1/mkwapisz/LOCALS~1/Temp/ccPgnxwr.s:112    .text:00000080 $t
/cygdrive/c/DOCUME~1/mkwapisz/LOCALS~1/Temp/ccPgnxwr.s:147    .text:000000b4 $d
/cygdrive/c/DOCUME~1/mkwapisz/LOCALS~1/Temp/ccPgnxwr.s:201    .text:00000100 T1ISR
/cygdrive/c/DOCUME~1/mkwapisz/LOCALS~1/Temp/ccPgnxwr.s:161    .text:000000d4 myTimerExec
/cygdrive/c/DOCUME~1/mkwapisz/LOCALS~1/Temp/ccPgnxwr.s:158    .text:000000d4 $t
/cygdrive/c/DOCUME~1/mkwapisz/LOCALS~1/Temp/ccPgnxwr.s:174    .text:000000e8 $d
/cygdrive/c/DOCUME~1/mkwapisz/LOCALS~1/Temp/ccPgnxwr.s:181    .text:000000ec StopInterrupts
/cygdrive/c/DOCUME~1/mkwapisz/LOCALS~1/Temp/ccPgnxwr.s:178    .text:000000ec $t
/cygdrive/c/DOCUME~1/mkwapisz/LOCALS~1/Temp/ccPgnxwr.s:193    .text:000000f8 $d
/cygdrive/c/DOCUME~1/mkwapisz/LOCALS~1/Temp/ccPgnxwr.s:198    .text:00000100 $t
/cygdrive/c/DOCUME~1/mkwapisz/LOCALS~1/Temp/ccPgnxwr.s:217    .text:00000118 $d
                            *COM*:00000014 currentSongInfo

UNDEFINED SYMBOLS
ISR
